TN:
SF:/Users/russellsavage/Desktop/ACA/Advanced/Heath/chai-mocha/src/module.js
FN:5,getRemoteResources
FNF:1
FNH:1
FNDA:4,getRemoteResources
DA:1,1
DA:2,1
DA:6,4
DA:8,4
DA:9,1
DA:12,3
DA:48,3
DA:50,3
DA:51,4
DA:52,112
DA:53,109
DA:56,3
DA:58,2
DA:59,2
DA:62,1
DA:64,1
DA:69,3
DA:70,2
DA:71,2
DA:73,2
DA:78,1
LF:21
LH:21
BRDA:8,0,0,1
BRDA:8,0,1,3
BRDA:52,1,0,109
BRDA:52,1,1,3
BRDA:56,2,0,2
BRDA:56,2,1,1
BRDA:62,3,0,1
BRDA:62,3,1,0
BRF:8
BRH:7
end_of_record
TN:
SF:/Users/russellsavage/Desktop/ACA/Advanced/Heath/chai-mocha/src/revised-block.js
FN:4,getRemoteResources
FN:47,(anonymous_1)
FNF:2
FNH:1
FNDA:3,getRemoteResources
FNDA:0,(anonymous_1)
DA:1,1
DA:2,1
DA:5,3
DA:7,3
DA:8,1
DA:11,2
DA:47,2
DA:49,2
DA:51,2
DA:52,2
DA:53,56
DA:54,55
DA:57,1
DA:59,1
DA:60,1
DA:63,0
DA:65,0
DA:70,2
DA:71,1
DA:72,1
DA:73,1
DA:74,0
DA:79,1
LF:23
LH:20
BRDA:7,0,0,1
BRDA:7,0,1,2
BRDA:53,1,0,55
BRDA:53,1,1,1
BRDA:57,2,0,1
BRDA:57,2,1,0
BRDA:63,3,0,0
BRDA:63,3,1,0
BRF:8
BRH:5
end_of_record
